  j1App.cpp
c:\users\cristianpl\desktop\development handouts\dev_class10_handout\motor2d\j1app.cpp(200): warning C4477: 'sprintf_s' : format string '%lu' requires an argument of type 'unsigned long', but variadic argument 5 has type 'uint64'
  c:\users\cristianpl\desktop\development handouts\dev_class10_handout\motor2d\j1app.cpp(200): note: consider using '%llu' in the format string
  c:\users\cristianpl\desktop\development handouts\dev_class10_handout\motor2d\j1app.cpp(200): note: consider using '%I64u' in the format string
  Generating Code...
  Compiling...
  j1Window.cpp
  j1Scene.cpp
  j1Render.cpp
  j1Map.cpp
c:\users\cristianpl\desktop\development handouts\dev_class10_handout\motor2d\j1map.cpp(106): warning C4244: '=': conversion from 'float' to 'int', possible loss of data
c:\users\cristianpl\desktop\development handouts\dev_class10_handout\motor2d\j1map.cpp(107): warning C4244: '=': conversion from 'float' to 'int', possible loss of data
  j1Main.cpp
  j1Input.cpp
  Generating Code...
  Skipping... (no relevant changes detected)
  j1Textures.cpp
  j1Pathfinding.cpp
  j1Audio.cpp
  Motor2D.vcxproj -> C:\Users\cristianpl\Desktop\Development Handouts\Dev_class10_handout\Debug\Development - Class 10.exe
  Motor2D.vcxproj -> C:\Users\cristianpl\Desktop\Development Handouts\Dev_class10_handout\Debug\Development - Class 10.pdb (Partial PDB)
